0 info it worked if it ends with ok
1 verbose cli [ 'node', '/usr/local/bin/npm', 'install', 'BigNumber' ]
2 info using npm@2.5.1
3 info using node@v0.12.0
4 verbose node symlink /usr/local/bin/node
5 verbose config Skipping project config: /Users/syedajafri/.npmrc. (matches userconfig)
6 warn package.json buffer@4.0.0 buffer is also the name of a node core module.
7 silly cache add args [ 'BigNumber', null ]
8 verbose cache add spec BigNumber
9 silly cache add parsed spec { raw: 'BigNumber',
9 silly cache add   scope: null,
9 silly cache add   name: 'BigNumber',
9 silly cache add   rawSpec: '',
9 silly cache add   spec: '*',
9 silly cache add   type: 'range' }
10 verbose addNamed BigNumber@*
11 silly addNamed semver.valid null
12 silly addNamed semver.validRange *
13 silly addNameRange { name: 'BigNumber', range: '*', hasData: false }
14 silly mapToRegistry name BigNumber
15 silly mapToRegistry using default registry
16 silly mapToRegistry registry https://registry.npmjs.org/
17 silly mapToRegistry uri https://registry.npmjs.org/BigNumber
18 verbose addNameRange registry:https://registry.npmjs.org/BigNumber not in flight; fetching
19 verbose request uri https://registry.npmjs.org/BigNumber
20 verbose request no auth needed
21 info attempt registry request try #1 at 12:28:50 AM
22 verbose request id 3ffb8201decd577e
23 http request GET https://registry.npmjs.org/BigNumber
24 http 404 https://registry.npmjs.org/BigNumber
25 verbose headers { 'content-type': 'application/json',
25 verbose headers   'cache-control': 'max-age=0',
25 verbose headers   'content-length': '2',
25 verbose headers   'accept-ranges': 'bytes',
25 verbose headers   date: 'Mon, 04 Jan 2016 05:28:50 GMT',
25 verbose headers   via: '1.1 varnish',
25 verbose headers   age: '0',
25 verbose headers   connection: 'keep-alive',
25 verbose headers   'x-served-by': 'cache-dfw1825-DFW',
25 verbose headers   'x-cache': 'MISS',
25 verbose headers   'x-cache-hits': '0',
25 verbose headers   'x-timer': 'S1451885330.705291,VS0,VE52' }
26 silly get cb [ 404,
26 silly get   { 'content-type': 'application/json',
26 silly get     'cache-control': 'max-age=0',
26 silly get     'content-length': '2',
26 silly get     'accept-ranges': 'bytes',
26 silly get     date: 'Mon, 04 Jan 2016 05:28:50 GMT',
26 silly get     via: '1.1 varnish',
26 silly get     age: '0',
26 silly get     connection: 'keep-alive',
26 silly get     'x-served-by': 'cache-dfw1825-DFW',
26 silly get     'x-cache': 'MISS',
26 silly get     'x-cache-hits': '0',
26 silly get     'x-timer': 'S1451885330.705291,VS0,VE52' } ]
27 verbose stack Error: Registry returned 404 for GET on https://registry.npmjs.org/BigNumber
27 verbose stack     at CachingRegistryClient.<anonymous> (/usr/local/lib/node_modules/npm/node_modules/npm-registry-client/lib/request.js:244:14)
27 verbose stack     at Request._callback (/usr/local/lib/node_modules/npm/node_modules/npm-registry-client/lib/request.js:178:14)
27 verbose stack     at Request.self.callback (/usr/local/lib/node_modules/npm/node_modules/request/request.js:344:22)
27 verbose stack     at Request.emit (events.js:110:17)
27 verbose stack     at Request.<anonymous> (/usr/local/lib/node_modules/npm/node_modules/request/request.js:1239:14)
27 verbose stack     at Request.emit (events.js:129:20)
27 verbose stack     at IncomingMessage.<anonymous> (/usr/local/lib/node_modules/npm/node_modules/request/request.js:1187:12)
27 verbose stack     at IncomingMessage.emit (events.js:129:20)
27 verbose stack     at _stream_readable.js:908:16
27 verbose stack     at process._tickCallback (node.js:355:11)
28 verbose statusCode 404
29 verbose pkgid BigNumber
30 verbose cwd /Users/syedajafri/Documents/ethereum.lol/frontend
31 error Darwin 14.5.0
32 error argv "node" "/usr/local/bin/npm" "install" "BigNumber"
33 error node v0.12.0
34 error npm  v2.5.1
35 error code E404
36 error 404 Registry returned 404 for GET on https://registry.npmjs.org/BigNumber
36 error 404
36 error 404 'BigNumber' is not in the npm registry.
36 error 404 You should bug the author to publish it (or use the name yourself!)
36 error 404
36 error 404 Note that you can also install from a
36 error 404 tarball, folder, http url, or git url.
37 verbose exit [ 1, true ]
